Project Information                   d:\170905252\lab12\1\counter_johnson.rpt

MAX+plus II Compiler Report File
Version 10.2 07/10/2002
Compiled: 10/23/2018 14:42:14

Copyright (C) 1988-2002 Altera Corporation
Any megafunction design, and related net list (encrypted or decrypted),
support information, device programming or simulation file, and any other
associated documentation or information provided by Altera or a partner
under Altera's Megafunction Partnership Program may be used only to
program PLD devices (but not masked PLD devices) from Altera.  Any other
use of such megafunction design, net list, support information, device
programming or simulation file, or any other related documentation or
information is prohibited for any other purpose, including, but not
limited to modification, reverse engineering, de-compiling, or use with
any other silicon devices, unless such use is explicitly licensed under
a separate agreement with Altera or a megafunction partner.  Title to
the intellectual property, including patents, copyrights, trademarks,
trade secrets, or maskworks, embodied in any such megafunction design,
net list, support information, device programming or simulation file, or
any other related documentation or information provided by Altera or a
megafunction partner, remains with Altera, the megafunction partner, or
their respective licensors.  No other licenses, including any licenses
needed under any third party's intellectual property, are provided herein.



***** Project compilation was successful




** DEVICE SUMMARY **

Chip/                     Input   Output   Bidir         Shareable
POF       Device          Pins    Pins     Pins     LCs  Expanders  % Utilized

counter_johnson
      EPM7032LC44-6        1        12       0      12      0           37 %

User Pins:                 1        12       0  



Project Information                   d:\170905252\lab12\1\counter_johnson.rpt

** AUTO GLOBAL SIGNALS **



INFO: Signal 'clk' chosen for auto global Clock


Project Information                   d:\170905252\lab12\1\counter_johnson.rpt

** FILE HIERARCHY **



|pos_edge_d:d0|
|pos_edge_d:d1|
|pos_edge_d:d2|
|pos_edge_d:d3|


Device-Specific Information:          d:\170905252\lab12\1\counter_johnson.rpt
counter_johnson

***** Logic for device 'counter_johnson' compiled without errors.




Device: EPM7032LC44-6

Device Options:
    Turbo Bit                                    = ON
    Security Bit                                 = OFF

              R  R  R                          
              E  E  E                          
              S  S  S                          
              E  E  E                          
              R  R  R                    R  R  
              V  V  V  V  G  G  G  c  G  e  e  
              E  E  E  C  N  N  N  l  N  g  g  
              D  D  D  C  D  D  D  k  D  3  2  
            -----------------------------------_ 
          /   6  5  4  3  2  1 44 43 42 41 40   | 
RESERVED |  7                                39 | Reg1 
RESERVED |  8                                38 | Reg0 
RESERVED |  9                                37 | T3 
     GND | 10                                36 | T4 
RESERVED | 11                                35 | VCC 
RESERVED | 12         EPM7032LC44-6          34 | T2 
RESERVED | 13                                33 | T1 
RESERVED | 14                                32 | T5 
     VCC | 15                                31 | T0 
RESERVED | 16                                30 | GND 
RESERVED | 17                                29 | T6 
         |_  18 19 20 21 22 23 24 25 26 27 28  _| 
           ------------------------------------ 
              R  R  R  R  G  V  R  R  R  R  T  
              E  E  E  E  N  C  E  E  E  E  7  
              S  S  S  S  D  C  S  S  S  S     
              E  E  E  E        E  E  E  E     
              R  R  R  R        R  R  R  R     
              V  V  V  V        V  V  V  V     
              E  E  E  E        E  E  E  E     
              D  D  D  D        D  D  D  D     


N.C. = No Connect. This pin has no internal connection to the device.
VCC = Dedicated power pin, which MUST be connected to VCC.
GND = Dedicated ground pin or unused dedicated input, which MUST be connected to GND.
RESERVED = Unused I/O pin, which MUST be left unconnected.



Device-Specific Information:          d:\170905252\lab12\1\counter_johnson.rpt
counter_johnson

** RESOURCE USAGE **

                                                Shareable     External
Logic Array Block     Logic Cells   I/O Pins    Expanders   Interconnect

A:     LC1 - LC16     0/16(  0%)   0/16(  0%)   0/16(  0%)   0/36(  0%) 
B:    LC17 - LC32    12/16( 75%)  12/16( 75%)   0/16(  0%)   4/36( 11%) 


Total dedicated input pins used:                 1/4      ( 25%)
Total I/O pins used:                            12/32     ( 37%)
Total logic cells used:                         12/32     ( 37%)
Total shareable expanders used:                  0/32     (  0%)
Total Turbo logic cells used:                   12/32     ( 37%)
Total shareable expanders not available (n/a):   0/32     (  0%)
Average fan-in:                                  2.00
Total fan-in:                                    24

Total input pins required:                       1
Total output pins required:                     12
Total bidirectional pins required:               0
Total logic cells required:                     12
Total flipflops required:                        4
Total product terms required:                   12
Total logic cells lending parallel expanders:    0
Total shareable expanders in database:           0

Synthesized logic cells:                         0/  32   (  0%)



Device-Specific Information:          d:\170905252\lab12\1\counter_johnson.rpt
counter_johnson

** INPUTS **

                                         Shareable
                                         Expanders     Fan-In    Fan-Out
 Pin     LC  LAB  Primitive    Code   Total Shared n/a INP  FBK  OUT  FBK  Name
  43      -   -       INPUT  G            0      0   0    0    0    0    0  clk


Code:

s = Synthesized pin or logic cell
t = Turbo logic cell
+ = Synchronous flipflop
! = NOT gate push-back
r = Fitter-inserted logic cell
G = Global Source. Fan-out destinations counted here do not include destinations
that are driven using global routing resources. Refer to the Auto Global Signals,
Clock Signals, Clear Signals, Synchronous Load Signals, and Synchronous Clear Signals
Sections of this Report File for information on which signals' fan-outs are used as
Clock, Clear, Preset, Output Enable, and synchronous Load signals.


Device-Specific Information:          d:\170905252\lab12\1\counter_johnson.rpt
counter_johnson

** OUTPUTS **

                                         Shareable
                                         Expanders     Fan-In    Fan-Out
 Pin     LC  LAB  Primitive    Code   Total Shared n/a INP  FBK  OUT  FBK  Name
  38     20    B         FF   +  t        0      0   0    0    1    5    0  Reg0
  39     19    B         FF   +  t        0      0   0    0    1    5    0  Reg1
  40     18    B         FF   +  t        0      0   0    0    1    5    0  Reg2
  41     17    B         FF   +  t        0      0   0    0    1    5    0  Reg3
  31     26    B     OUTPUT      t        0      0   0    0    2    0    0  T0
  33     24    B     OUTPUT      t        0      0   0    0    2    0    0  T1
  34     23    B     OUTPUT      t        0      0   0    0    2    0    0  T2
  37     21    B     OUTPUT      t        0      0   0    0    2    0    0  T3
  36     22    B     OUTPUT      t        0      0   0    0    2    0    0  T4
  32     25    B     OUTPUT      t        0      0   0    0    2    0    0  T5
  29     27    B     OUTPUT      t        0      0   0    0    2    0    0  T6
  28     28    B     OUTPUT      t        0      0   0    0    2    0    0  T7


Code:

s = Synthesized pin or logic cell
t = Turbo logic cell
+ = Synchronous flipflop
! = NOT gate push-back
r = Fitter-inserted logic cell


Device-Specific Information:          d:\170905252\lab12\1\counter_johnson.rpt
counter_johnson

** LOGIC CELL INTERCONNECTIONS **

Logic Array Block 'B':

                                 Logic cells placed in LAB 'B'
        +----------------------- LC20 Reg0
        | +--------------------- LC19 Reg1
        | | +------------------- LC18 Reg2
        | | | +----------------- LC17 Reg3
        | | | | +--------------- LC26 T0
        | | | | | +------------- LC24 T1
        | | | | | | +----------- LC23 T2
        | | | | | | | +--------- LC21 T3
        | | | | | | | | +------- LC22 T4
        | | | | | | | | | +----- LC25 T5
        | | | | | | | | | | +--- LC27 T6
        | | | | | | | | | | | +- LC28 T7
        | | | | | | | | | | | | 
        | | | | | | | | | | | |   Other LABs fed by signals
        | | | | | | | | | | | |   that feed LAB 'B'
LC      | | | | | | | | | | | | | A B |     Logic cells that feed LAB 'B':
LC20 -> - * - - * * - - * * - - | - * | <-- Reg0
LC19 -> - - * - - * * - - * * - | - * | <-- Reg1
LC18 -> - - - * - - * * - - * * | - * | <-- Reg2
LC17 -> * - - - * - - * * - - * | - * | <-- Reg3

Pin
43   -> - - - - - - - - - - - - | - - | <-- clk


* = The logic cell or pin is an input to the logic cell (or LAB) through the PIA.
- = The logic cell or pin is not an input to the logic cell (or LAB).


Device-Specific Information:          d:\170905252\lab12\1\counter_johnson.rpt
counter_johnson

** EQUATIONS **

clk      : INPUT;

-- Node name is 'Reg0' = '|pos_edge_D:d0|:5' 
-- Equation name is 'Reg0', type is output 
 Reg0    = DFFE(!Reg3 $  GND, GLOBAL( clk),  VCC,  VCC,  VCC);

-- Node name is 'Reg1' = '|pos_edge_D:d1|:5' 
-- Equation name is 'Reg1', type is output 
 Reg1    = DFFE( Reg0 $  GND, GLOBAL( clk),  VCC,  VCC,  VCC);

-- Node name is 'Reg2' = '|pos_edge_D:d2|:5' 
-- Equation name is 'Reg2', type is output 
 Reg2    = DFFE( Reg1 $  GND, GLOBAL( clk),  VCC,  VCC,  VCC);

-- Node name is 'Reg3' = '|pos_edge_D:d3|:5' 
-- Equation name is 'Reg3', type is output 
 Reg3    = DFFE( Reg2 $  GND, GLOBAL( clk),  VCC,  VCC,  VCC);

-- Node name is 'T0' 
-- Equation name is 'T0', location is LC026, type is output.
 T0      = LCELL( _EQ001 $  GND);
  _EQ001 = !Reg0 & !Reg3;

-- Node name is 'T1' 
-- Equation name is 'T1', location is LC024, type is output.
 T1      = LCELL( _EQ002 $  GND);
  _EQ002 =  Reg0 & !Reg1;

-- Node name is 'T2' 
-- Equation name is 'T2', location is LC023, type is output.
 T2      = LCELL( _EQ003 $  GND);
  _EQ003 =  Reg1 & !Reg2;

-- Node name is 'T3' 
-- Equation name is 'T3', location is LC021, type is output.
 T3      = LCELL( _EQ004 $  GND);
  _EQ004 =  Reg2 & !Reg3;

-- Node name is 'T4' 
-- Equation name is 'T4', location is LC022, type is output.
 T4      = LCELL( _EQ005 $  GND);
  _EQ005 =  Reg0 &  Reg3;

-- Node name is 'T5' 
-- Equation name is 'T5', location is LC025, type is output.
 T5      = LCELL( _EQ006 $  GND);
  _EQ006 = !Reg0 &  Reg1;

-- Node name is 'T6' 
-- Equation name is 'T6', location is LC027, type is output.
 T6      = LCELL( _EQ007 $  GND);
  _EQ007 = !Reg1 &  Reg2;

-- Node name is 'T7' 
-- Equation name is 'T7', location is LC028, type is output.
 T7      = LCELL( _EQ008 $  GND);
  _EQ008 = !Reg2 &  Reg3;



--     Shareable expanders that are duplicated in multiple LABs:
--     (none)




Project Information                   d:\170905252\lab12\1\counter_johnson.rpt

** COMPILATION SETTINGS & TIMES **

Processing Menu Commands
------------------------

Design Doctor                             = off

Logic Synthesis:

   Synthesis Type Used                    = Standard

   Default Synthesis Style                = NORMAL

      Logic option settings in 'NORMAL' style for 'MAX7000' family

      DECOMPOSE_GATES                     = on
      DUPLICATE_LOGIC_EXTRACTION          = on
      MINIMIZATION                        = full
      MULTI_LEVEL_FACTORING               = on
      NOT_GATE_PUSH_BACK                  = on
      PARALLEL_EXPANDERS                  = off
      REDUCE_LOGIC                        = on
      REFACTORIZATION                     = on
      REGISTER_OPTIMIZATION               = on
      RESYNTHESIZE_NETWORK                = on
      SLOW_SLEW_RATE                      = off
      SOFT_BUFFER_INSERTION               = on
      SUBFACTOR_EXTRACTION                = on
      TURBO_BIT                           = on
      XOR_SYNTHESIS                       = on
      IGNORE_SOFT_BUFFERS                 = off
      USE_LPM_FOR_AHDL_OPERATORS          = off

   Other logic synthesis settings:

      Automatic Global Clock              = on
      Automatic Global Clear              = on
      Automatic Global Preset             = on
      Automatic Global Output Enable      = on
      Automatic Fast I/O                  = off
      Automatic Register Packing          = off
      Automatic Open-Drain Pins           = on
      Automatic Implement in EAB          = off
      One-Hot State Machine Encoding      = off
      Optimize                            = 5

Default Timing Specifications: None

Cut All Bidir Feedback Timing Paths       = on
Cut All Clear & Preset Timing Paths       = on

Ignore Timing Assignments                 = on

Functional SNF Extractor                  = off

Linked SNF Extractor                      = off
Timing SNF Extractor                      = on
Optimize Timing SNF                       = off
Generate AHDL TDO File                    = off
Fitter Settings                           = NORMAL
Smart Recompile                           = off
Total Recompile                           = off

Interfaces Menu Commands
------------------------

EDIF Netlist Writer                       = off
Verilog Netlist Writer                    = off
VHDL Netlist Writer                       = off

Compilation Times
-----------------

   Compiler Netlist Extractor             00:00:00
   Database Builder                       00:00:00
   Logic Synthesizer                      00:00:00
   Partitioner                            00:00:00
   Fitter                                 00:00:00
   Timing SNF Extractor                   00:00:00
   Assembler                              00:00:00
   --------------------------             --------
   Total Time                             00:00:00


Memory Allocated
-----------------

Peak memory allocated during compilation  = 3,787K
