Project Information                             d:\170905252\lab5\2\class5.rpt

MAX+plus II Compiler Report File
Version 10.2 07/10/2002
Compiled: 08/21/2018 15:09:51

Copyright (C) 1988-2002 Altera Corporation
Any megafunction design, and related net list (encrypted or decrypted),
support information, device programming or simulation file, and any other
associated documentation or information provided by Altera or a partner
under Altera's Megafunction Partnership Program may be used only to
program PLD devices (but not masked PLD devices) from Altera.  Any other
use of such megafunction design, net list, support information, device
programming or simulation file, or any other related documentation or
information is prohibited for any other purpose, including, but not
limited to modification, reverse engineering, de-compiling, or use with
any other silicon devices, unless such use is explicitly licensed under
a separate agreement with Altera or a megafunction partner.  Title to
the intellectual property, including patents, copyrights, trademarks,
trade secrets, or maskworks, embodied in any such megafunction design,
net list, support information, device programming or simulation file, or
any other related documentation or information provided by Altera or a
megafunction partner, remains with Altera, the megafunction partner, or
their respective licensors.  No other licenses, including any licenses
needed under any third party's intellectual property, are provided herein.



***** Project compilation was successful




** DEVICE SUMMARY **

Chip/                     Input   Output   Bidir         Shareable
POF       Device          Pins    Pins     Pins     LCs  Expanders  % Utilized

class5    EPM7032LC44-6    9        5        0      19      5           59 %

User Pins:                 9        5        0  



Project Information                             d:\170905252\lab5\2\class5.rpt

** FILE HIERARCHY **



|fulladder:fa0|
|fulladder:fa1|
|fulladder:fa2|
|fulladder:fa3|


Device-Specific Information:                    d:\170905252\lab5\2\class5.rpt
class5

***** Logic for device 'class5' compiled without errors.




Device: EPM7032LC44-6

Device Options:
    Turbo Bit                                    = ON
    Security Bit                                 = OFF

                                         R  R  
                                         E  E  
                                         S  S  
                                         E  E  
                                         R  R  
                    C  V  G  G  G  G  G  V  V  
              x  x  i  C  N  N  N  N  N  E  E  
              1  0  n  C  D  D  D  D  D  D  D  
            -----------------------------------_ 
          /   6  5  4  3  2  1 44 43 42 41 40   | 
      y0 |  7                                39 | RESERVED 
      y1 |  8                                38 | RESERVED 
      x2 |  9                                37 | RESERVED 
     GND | 10                                36 | RESERVED 
      x3 | 11                                35 | VCC 
      y2 | 12         EPM7032LC44-6          34 | Sum3 
      y3 | 13                                33 | RESERVED 
    Sum0 | 14                                32 | Cout 
     VCC | 15                                31 | RESERVED 
    Sum1 | 16                                30 | GND 
    Sum2 | 17                                29 | RESERVED 
         |_  18 19 20 21 22 23 24 25 26 27 28  _| 
           ------------------------------------ 
              R  R  R  R  G  V  R  R  R  R  R  
              E  E  E  E  N  C  E  E  E  E  E  
              S  S  S  S  D  C  S  S  S  S  S  
              E  E  E  E        E  E  E  E  E  
              R  R  R  R        R  R  R  R  R  
              V  V  V  V        V  V  V  V  V  
              E  E  E  E        E  E  E  E  E  
              D  D  D  D        D  D  D  D  D  


N.C. = No Connect. This pin has no internal connection to the device.
VCC = Dedicated power pin, which MUST be connected to VCC.
GND = Dedicated ground pin or unused dedicated input, which MUST be connected to GND.
RESERVED = Unused I/O pin, which MUST be left unconnected.



Device-Specific Information:                    d:\170905252\lab5\2\class5.rpt
class5

** RESOURCE USAGE **

                                                Shareable     External
Logic Array Block     Logic Cells   I/O Pins    Expanders   Interconnect

A:     LC1 - LC16     3/16( 18%)  12/16( 75%)   3/16( 18%)   8/36( 22%) 
B:    LC17 - LC32    16/16(100%)   2/16( 12%)  14/16( 87%)  20/36( 55%) 


Total dedicated input pins used:                 0/4      (  0%)
Total I/O pins used:                            14/32     ( 43%)
Total logic cells used:                         19/32     ( 59%)
Total shareable expanders used:                  5/32     ( 15%)
Total Turbo logic cells used:                   19/32     ( 59%)
Total shareable expanders not available (n/a):  12/32     ( 37%)
Average fan-in:                                  6.68
Total fan-in:                                   127

Total input pins required:                       9
Total output pins required:                      5
Total bidirectional pins required:               0
Total logic cells required:                     19
Total flipflops required:                        0
Total product terms required:                   84
Total logic cells lending parallel expanders:    0
Total shareable expanders in database:           5

Synthesized logic cells:                        14/  32   ( 43%)



Device-Specific Information:                    d:\170905252\lab5\2\class5.rpt
class5

** INPUTS **

                                         Shareable
                                         Expanders     Fan-In    Fan-Out
 Pin     LC  LAB  Primitive    Code   Total Shared n/a INP  FBK  OUT  FBK  Name
   4    (1)  (A)      INPUT               0      0   0    0    0    3   13  Cin
   5    (2)  (A)      INPUT               0      0   0    0    0    2   11  x0
   6    (3)  (A)      INPUT               0      0   0    0    0    3   11  x1
   9    (6)  (A)      INPUT               0      0   0    0    0    2   11  x2
  11    (7)  (A)      INPUT               0      0   0    0    0    1    7  x3
   7    (4)  (A)      INPUT               0      0   0    0    0    4   11  y0
   8    (5)  (A)      INPUT               0      0   0    0    0    3   10  y1
  12    (8)  (A)      INPUT               0      0   0    0    0    2   10  y2
  13    (9)  (A)      INPUT               0      0   0    0    0    1    8  y3


Code:

s = Synthesized pin or logic cell
t = Turbo logic cell
+ = Synchronous flipflop
! = NOT gate push-back
r = Fitter-inserted logic cell


Device-Specific Information:                    d:\170905252\lab5\2\class5.rpt
class5

** OUTPUTS **

                                         Shareable
                                         Expanders     Fan-In    Fan-Out
 Pin     LC  LAB  Primitive    Code   Total Shared n/a INP  FBK  OUT  FBK  Name
  32     25    B     OUTPUT      t        1      0   1    9    7    0    0  Cout
  14     10    A     OUTPUT      t        0      0   0    2    0    0    0  Sum0
  16     11    A     OUTPUT      t        1      0   0    3    1    0    0  Sum1
  17     12    A     OUTPUT      t        2      0   0    4    2    0    0  Sum2
  34     23    B     OUTPUT      t        2      0   0    3    4    0    0  Sum3


Code:

s = Synthesized pin or logic cell
t = Turbo logic cell
+ = Synchronous flipflop
! = NOT gate push-back
r = Fitter-inserted logic cell


Device-Specific Information:                    d:\170905252\lab5\2\class5.rpt
class5

** BURIED LOGIC **

                                         Shareable
                                         Expanders     Fan-In    Fan-Out
 Pin     LC  LAB  Primitive    Code   Total Shared n/a INP  FBK  OUT  FBK  Name
 (27)    29    B       SOFT    s t        1      0   1    5    0    1    0  |fulladder:fa1|~7~1
 (31)    26    B       SOFT    s t        1      0   1    5    0    1    0  |fulladder:fa2|~7~1
 (29)    27    B       SOFT    s t        0      0   0    3    0    1    0  |fulladder:fa2|~7~2
 (28)    28    B       SOFT    s t        1      0   1    7    0    1    0  |fulladder:fa3|~7~1
 (26)    30    B       SOFT    s t        1      0   1    7    0    1    0  |fulladder:fa3|~7~2
 (25)    31    B       SOFT    s t        1      0   1    7    0    1    0  |fulladder:fa3|~7~3
 (24)    32    B       SOFT    s t        0      0   0    3    0    1    0  |fulladder:fa3|~7~4
 (41)    17    B       SOFT    s t        1      0   1    9    0    1    0  ~24~1
 (40)    18    B       SOFT    s t        1      0   1    8    0    1    0  ~24~2
 (39)    19    B       SOFT    s t        1      0   1    8    0    1    0  ~24~3
 (38)    20    B       SOFT    s t        1      0   1    9    0    1    0  ~24~4
 (37)    21    B       SOFT    s t        1      0   1    8    0    1    0  ~24~5
 (36)    22    B       SOFT    s t        1      0   1    8    0    1    0  ~24~6
 (33)    24    B       SOFT    s t        0      0   0    5    0    1    0  ~24~7


Code:

s = Synthesized pin or logic cell
t = Turbo logic cell
+ = Synchronous flipflop
! = NOT gate push-back
r = Fitter-inserted logic cell


Device-Specific Information:                    d:\170905252\lab5\2\class5.rpt
class5

** LOGIC CELL INTERCONNECTIONS **

Logic Array Block 'A':

               Logic cells placed in LAB 'A'
        +----- LC10 Sum0
        | +--- LC11 Sum1
        | | +- LC12 Sum2
        | | | 
        | | |   Other LABs fed by signals
        | | |   that feed LAB 'A'
LC      | | | | A B |     Logic cells that feed LAB 'A':

Pin
4    -> - - * | * * | <-- Cin
5    -> * - - | * * | <-- x0
6    -> - * * | * * | <-- x1
7    -> * * * | * * | <-- y0
8    -> - * * | * * | <-- y1
LC29 -> - * - | * - | <-- |fulladder:fa1|~7~1
LC26 -> - - * | * - | <-- |fulladder:fa2|~7~1
LC27 -> - - * | * - | <-- |fulladder:fa2|~7~2


* = The logic cell or pin is an input to the logic cell (or LAB) through the PIA.
- = The logic cell or pin is not an input to the logic cell (or LAB).


Device-Specific Information:                    d:\170905252\lab5\2\class5.rpt
class5

** LOGIC CELL INTERCONNECTIONS **

Logic Array Block 'B':

                                         Logic cells placed in LAB 'B'
        +------------------------------- LC25 Cout
        | +----------------------------- LC29 |fulladder:fa1|~7~1
        | | +--------------------------- LC26 |fulladder:fa2|~7~1
        | | | +------------------------- LC27 |fulladder:fa2|~7~2
        | | | | +----------------------- LC28 |fulladder:fa3|~7~1
        | | | | | +--------------------- LC30 |fulladder:fa3|~7~2
        | | | | | | +------------------- LC31 |fulladder:fa3|~7~3
        | | | | | | | +----------------- LC32 |fulladder:fa3|~7~4
        | | | | | | | | +--------------- LC23 Sum3
        | | | | | | | | | +------------- LC17 ~24~1
        | | | | | | | | | | +----------- LC18 ~24~2
        | | | | | | | | | | | +--------- LC19 ~24~3
        | | | | | | | | | | | | +------- LC20 ~24~4
        | | | | | | | | | | | | | +----- LC21 ~24~5
        | | | | | | | | | | | | | | +--- LC22 ~24~6
        | | | | | | | | | | | | | | | +- LC24 ~24~7
        | | | | | | | | | | | | | | | | 
        | | | | | | | | | | | | | | | |   Other LABs fed by signals
        | | | | | | | | | | | | | | | |   that feed LAB 'B'
LC      | | | | | | | | | | | | | | | | | A B |     Logic cells that feed LAB 'B':
LC28 -> - - - - - - - - * - - - - - - - | - * | <-- |fulladder:fa3|~7~1
LC30 -> - - - - - - - - * - - - - - - - | - * | <-- |fulladder:fa3|~7~2
LC31 -> - - - - - - - - * - - - - - - - | - * | <-- |fulladder:fa3|~7~3
LC32 -> - - - - - - - - * - - - - - - - | - * | <-- |fulladder:fa3|~7~4
LC17 -> * - - - - - - - - - - - - - - - | - * | <-- ~24~1
LC18 -> * - - - - - - - - - - - - - - - | - * | <-- ~24~2
LC19 -> * - - - - - - - - - - - - - - - | - * | <-- ~24~3
LC20 -> * - - - - - - - - - - - - - - - | - * | <-- ~24~4
LC21 -> * - - - - - - - - - - - - - - - | - * | <-- ~24~5
LC22 -> * - - - - - - - - - - - - - - - | - * | <-- ~24~6
LC24 -> * - - - - - - - - - - - - - - - | - * | <-- ~24~7

Pin
4    -> * * * * * * * * * * * - * * * * | * * | <-- Cin
5    -> * * * - * * * - - * * * * * * - | * * | <-- x0
6    -> * * * - * * * - - * * * * * * - | * * | <-- x1
9    -> * - - * * * * - * * * * * * * * | - * | <-- x2
11   -> * - - - - - - * - * * * * - * * | - * | <-- x3
7    -> * * * - * * * - - * * * * * * - | * * | <-- y0
8    -> * * * - * * * - - * * * * * - - | * * | <-- y1
12   -> * - - * * * * - * * - * * * * * | - * | <-- y2
13   -> * - - - - - - * - * * * * * * * | - * | <-- y3


* = The logic cell or pin is an input to the logic cell (or LAB) through the PIA.
- = The logic cell or pin is not an input to the logic cell (or LAB).


Device-Specific Information:                    d:\170905252\lab5\2\class5.rpt
class5

** EQUATIONS **

Cin      : INPUT;
x0       : INPUT;
x1       : INPUT;
x2       : INPUT;
x3       : INPUT;
y0       : INPUT;
y1       : INPUT;
y2       : INPUT;
y3       : INPUT;

-- Node name is 'Cout' 
-- Equation name is 'Cout', location is LC025, type is output.
 Cout    = LCELL( _EQ001 $  _EQ002);
  _EQ001 =  Cin & !_LC017 & !_LC018 & !_LC019 & !_LC020 & !_LC021 & !_LC022 & 
             !_LC024 & !x0 &  y0 &  y1 &  y2 &  y3
         #  Cin & !_LC017 & !_LC018 & !_LC019 & !_LC020 & !_LC021 & !_LC022 & 
             !_LC024 & !x0 & !x3 &  y0 &  y1 &  y2
         #  Cin & !_LC017 & !_LC018 & !_LC019 & !_LC020 & !_LC021 & !_LC022 & 
             !_LC024 & !x0 & !x2 &  y0 &  y1 &  y3
         #  Cin & !_LC017 & !_LC018 & !_LC019 & !_LC020 & !_LC021 & !_LC022 & 
             !_LC024 & !x0 & !x1 &  y0 &  y2 &  y3;
  _EQ002 = !_LC017 & !_LC018 & !_LC019 & !_LC020 & !_LC021 & !_LC022 & 
             !_LC024;

-- Node name is 'Sum0' 
-- Equation name is 'Sum0', location is LC010, type is output.
 Sum0    = LCELL( y0 $  x0);

-- Node name is 'Sum1' 
-- Equation name is 'Sum1', location is LC011, type is output.
 Sum1    = LCELL( _EQ003 $ !x1);
  _EQ003 = !_LC029 &  _X001;
  _X001  = EXP(!y0 &  y1);

-- Node name is 'Sum2' 
-- Equation name is 'Sum2', location is LC012, type is output.
 Sum2    = LCELL(!_LC027 $  _EQ004);
  _EQ004 = !_LC026 &  _X002 &  _X003;
  _X002  = EXP( Cin &  x1 & !y1);
  _X003  = EXP( Cin & !y0 & !y1);

-- Node name is 'Sum3' 
-- Equation name is 'Sum3', location is LC023, type is output.
 Sum3    = LCELL(!_LC032 $  _EQ005);
  _EQ005 = !_LC028 & !_LC030 & !_LC031 &  _X004 &  _X005;
  _X004  = EXP(!Cin &  x2 &  y2);
  _X005  = EXP( Cin &  x2 & !y2);

-- Node name is '|fulladder:fa1|~7~1' 
-- Equation name is '_LC029', type is buried 
-- synthesized logic cell 
_LC029   = LCELL( _EQ006 $  GND);
  _EQ006 =  Cin &  x0 & !x1 &  y0 &  y1
         #  Cin &  x0 &  x1 &  y1
         #  Cin & !x0 &  y0 & !y1
         # !Cin &  x0 &  y0 & !y1
         # !Cin & !x0 &  y1;

-- Node name is '|fulladder:fa2|~7~1' 
-- Equation name is '_LC026', type is buried 
-- synthesized logic cell 
_LC026   = LCELL( _EQ007 $  GND);
  _EQ007 = !Cin &  x0 &  y0 &  y1
         #  x0 &  x1 &  y0
         #  x1 & !y0 &  y1
         #  Cin &  x0 & !y1
         # !Cin &  x1 &  y1;

-- Node name is '|fulladder:fa2|~7~2' 
-- Equation name is '_LC027', type is buried 
-- synthesized logic cell 
_LC027   = LCELL( _EQ008 $  GND);
  _EQ008 =  Cin &  x2 &  y2
         # !Cin & !x2 &  y2
         #  Cin & !x2 & !y2
         # !Cin &  x2 & !y2;

-- Node name is '|fulladder:fa3|~7~1' 
-- Equation name is '_LC028', type is buried 
-- synthesized logic cell 
_LC028   = LCELL( _EQ009 $  GND);
  _EQ009 =  x0 &  x2 &  y0 &  y1 & !y2
         # !Cin &  x0 &  x1 &  y0 &  y2
         # !Cin &  x0 &  y0 &  y1 &  y2
         #  x0 &  x1 &  x2 &  y0
         #  x1 &  x2 &  y1 & !y2;

-- Node name is '|fulladder:fa3|~7~2' 
-- Equation name is '_LC030', type is buried 
-- synthesized logic cell 
_LC030   = LCELL( _EQ010 $  GND);
  _EQ010 =  x1 &  x2 & !y1 &  y2
         #  x0 &  x2 & !y1 &  y2
         #  x1 &  x2 & !y0 &  y2
         # !Cin &  x1 &  y1 &  y2
         #  Cin &  x0 &  x1 & !y2;

-- Node name is '|fulladder:fa3|~7~3' 
-- Equation name is '_LC031', type is buried 
-- synthesized logic cell 
_LC031   = LCELL( _EQ011 $  GND);
  _EQ011 =  x2 & !y0 & !y1 &  y2
         #  Cin &  x1 & !y0 & !y2
         #  Cin &  x0 & !y1 & !y2
         #  Cin &  x1 & !y1 & !y2
         #  Cin & !y0 & !y1 & !y2;

-- Node name is '|fulladder:fa3|~7~4' 
-- Equation name is '_LC032', type is buried 
-- synthesized logic cell 
_LC032   = LCELL( _EQ012 $  GND);
  _EQ012 =  Cin &  x3 &  y3
         # !Cin & !x3 &  y3
         #  Cin & !x3 & !y3
         # !Cin &  x3 & !y3;

-- Node name is '~24~1' 
-- Equation name is '~24~1', location is LC017, type is buried.
-- synthesized logic cell 
_LC017   = LCELL( _EQ013 $  GND);
  _EQ013 =  Cin & !x0 & !x2 & !x3 &  y0 &  y1
         #  Cin & !x0 & !x1 & !x3 &  y0 &  y2
         #  Cin & !x0 & !x1 & !x2 &  y0 &  y3
         #  Cin & !x1 &  y1 &  y2 &  y3
         #  Cin & !x1 & !x3 &  y1 &  y2;

-- Node name is '~24~2' 
-- Equation name is '~24~2', location is LC018, type is buried.
-- synthesized logic cell 
_LC018   = LCELL( _EQ014 $  GND);
  _EQ014 =  Cin & !x1 & !x2 &  y1 &  y3
         #  Cin & !x1 & !x2 & !x3 &  y1
         # !x2 & !x3 & !y0 & !y1 &  y3
         # !x0 & !x2 & !x3 & !y1 &  y3
         # !x1 & !x2 & !x3 & !y1 &  y3;

-- Node name is '~24~3' 
-- Equation name is '~24~3', location is LC019, type is buried.
-- synthesized logic cell 
_LC019   = LCELL( _EQ015 $  GND);
  _EQ015 = !x1 & !x2 & !x3 & !y0 &  y3
         # !x3 & !y0 & !y1 & !y2 &  y3
         # !x0 & !x3 & !y1 & !y2 &  y3
         # !x1 & !x3 & !y1 & !y2 &  y3
         # !x1 & !x3 & !y0 & !y2 &  y3;

-- Node name is '~24~4' 
-- Equation name is '~24~4', location is LC020, type is buried.
-- synthesized logic cell 
_LC020   = LCELL( _EQ016 $  GND);
  _EQ016 = !x0 & !x1 & !x3 & !y2 &  y3
         # !x0 & !x1 & !x2 & !x3 &  y0
         # !Cin & !x2 & !y0 & !y1 & !y3
         # !Cin & !x0 & !x2 & !y1 & !y3
         # !Cin & !x1 & !x2 & !y1 & !y3;

-- Node name is '~24~5' 
-- Equation name is '~24~5', location is LC021, type is buried.
-- synthesized logic cell 
_LC021   = LCELL( _EQ017 $  GND);
  _EQ017 = !Cin & !x1 & !x2 & !y0 & !y3
         # !Cin & !x0 & !x1 & !x2 & !y3
         # !Cin & !y0 & !y1 & !y2 & !y3
         # !Cin & !x0 & !y1 & !y2 & !y3
         # !Cin & !x1 & !y1 & !y2 & !y3;

-- Node name is '~24~6' 
-- Equation name is '~24~6', location is LC022, type is buried.
-- synthesized logic cell 
_LC022   = LCELL( _EQ018 $  GND);
  _EQ018 = !Cin & !x1 & !y0 & !y2 & !y3
         # !Cin & !x0 & !x1 & !y2 & !y3
         #  Cin & !x2 &  y2 &  y3
         #  Cin & !x2 & !x3 &  y2
         # !x2 & !x3 & !y2 &  y3;

-- Node name is '~24~7' 
-- Equation name is '~24~7', location is LC024, type is buried.
-- synthesized logic cell 
_LC024   = LCELL( _EQ019 $  GND);
  _EQ019 = !Cin & !x2 & !y2 & !y3
         #  Cin & !x3 &  y3
         # !Cin & !x3 & !y3;



--     Shareable expanders that are duplicated in multiple LABs:
--     (none)




Project Information                             d:\170905252\lab5\2\class5.rpt

** COMPILATION SETTINGS & TIMES **

Processing Menu Commands
------------------------

Design Doctor                             = off

Logic Synthesis:

   Synthesis Type Used                    = Standard

   Default Synthesis Style                = NORMAL

      Logic option settings in 'NORMAL' style for 'MAX7000' family

      DECOMPOSE_GATES                     = on
      DUPLICATE_LOGIC_EXTRACTION          = on
      MINIMIZATION                        = full
      MULTI_LEVEL_FACTORING               = on
      NOT_GATE_PUSH_BACK                  = on
      PARALLEL_EXPANDERS                  = off
      REDUCE_LOGIC                        = on
      REFACTORIZATION                     = on
      REGISTER_OPTIMIZATION               = on
      RESYNTHESIZE_NETWORK                = on
      SLOW_SLEW_RATE                      = off
      SOFT_BUFFER_INSERTION               = on
      SUBFACTOR_EXTRACTION                = on
      TURBO_BIT                           = on
      XOR_SYNTHESIS                       = on
      IGNORE_SOFT_BUFFERS                 = off
      USE_LPM_FOR_AHDL_OPERATORS          = off

   Other logic synthesis settings:

      Automatic Global Clock              = on
      Automatic Global Clear              = on
      Automatic Global Preset             = on
      Automatic Global Output Enable      = on
      Automatic Fast I/O                  = off
      Automatic Register Packing          = off
      Automatic Open-Drain Pins           = on
      Automatic Implement in EAB          = off
      One-Hot State Machine Encoding      = off
      Optimize                            = 5

Default Timing Specifications: None

Cut All Bidir Feedback Timing Paths       = on
Cut All Clear & Preset Timing Paths       = on

Ignore Timing Assignments                 = on

Functional SNF Extractor                  = off

Linked SNF Extractor                      = off
Timing SNF Extractor                      = on
Optimize Timing SNF                       = off
Generate AHDL TDO File                    = off
Fitter Settings                           = NORMAL
Smart Recompile                           = off
Total Recompile                           = off

Interfaces Menu Commands
------------------------

EDIF Netlist Writer                       = off
Verilog Netlist Writer                    = off
VHDL Netlist Writer                       = off

Compilation Times
-----------------

   Compiler Netlist Extractor             00:00:00
   Database Builder                       00:00:00
   Logic Synthesizer                      00:00:00
   Partitioner                            00:00:00
   Fitter                                 00:00:00
   Timing SNF Extractor                   00:00:00
   Assembler                              00:00:00
   --------------------------             --------
   Total Time                             00:00:00


Memory Allocated
-----------------

Peak memory allocated during compilation  = 4,007K
